<?xml version="1.0" encoding="UTF-8"?>
<testng-results ignored="0" total="7" passed="7" failed="0" skipped="0">
  <reporter-output>
  </reporter-output>
  <suite started-at="2023-08-06T21:51:43 IST" name="Default suite" finished-at="2023-08-06T21:54:21 IST" duration-ms="157957">
    <groups>
    </groups>
    <test started-at="2023-08-06T21:51:43 IST" name="Default test" finished-at="2023-08-06T21:54:21 IST" duration-ms="157957">
      <class name="goodreads.com.SearchBook_wantToread_RemoveBook_logout">
        <test-method is-config="true" signature="BeforeTest()[pri:0, instance:goodreads.com.SearchBook_wantToread_RemoveBook_logout@82de64a]" started-at="2023-08-06T21:51:43 IST" name="BeforeTest" finished-at="2023-08-06T21:51:56 IST" duration-ms="12888" status="PASS">
          <reporter-output>
          </reporter-output>
        </test-method> <!-- BeforeTest -->
        <test-method signature="LoginWithEmptyFields()[pri:1, instance:goodreads.com.SearchBook_wantToread_RemoveBook_logout@82de64a]" started-at="2023-08-06T21:51:56 IST" name="LoginWithEmptyFields" finished-at="2023-08-06T21:51:57 IST" duration-ms="840" status="PASS">
          <reporter-output>
          </reporter-output>
        </test-method> <!-- LoginWithEmptyFields -->
        <test-method signature="IncorrectLoginEmail()[pri:2, instance:goodreads.com.SearchBook_wantToread_RemoveBook_logout@82de64a]" started-at="2023-08-06T21:51:57 IST" name="IncorrectLoginEmail" finished-at="2023-08-06T21:52:36 IST" duration-ms="39087" status="PASS">
          <reporter-output>
          </reporter-output>
        </test-method> <!-- IncorrectLoginEmail -->
        <test-method signature="IncorrectLoginPassword()[pri:3, instance:goodreads.com.SearchBook_wantToread_RemoveBook_logout@82de64a]" started-at="2023-08-06T21:52:36 IST" name="IncorrectLoginPassword" finished-at="2023-08-06T21:53:12 IST" duration-ms="36048" status="PASS">
          <reporter-output>
          </reporter-output>
        </test-method> <!-- IncorrectLoginPassword -->
        <test-method signature="ForgotPassword()[pri:4, instance:goodreads.com.SearchBook_wantToread_RemoveBook_logout@82de64a]" started-at="2023-08-06T21:53:12 IST" name="ForgotPassword" finished-at="2023-08-06T21:53:17 IST" duration-ms="4835" status="PASS">
          <reporter-output>
          </reporter-output>
        </test-method> <!-- ForgotPassword -->
        <test-method signature="CorrectLoginEmail_and_Password()[pri:5, instance:goodreads.com.SearchBook_wantToread_RemoveBook_logout@82de64a]" started-at="2023-08-06T21:53:17 IST" name="CorrectLoginEmail_and_Password" finished-at="2023-08-06T21:54:05 IST" duration-ms="47498" status="PASS">
          <reporter-output>
          </reporter-output>
        </test-method> <!-- CorrectLoginEmail_and_Password -->
        <test-method signature="SearchBook_wantToread_RemoveBook()[pri:6, instance:goodreads.com.SearchBook_wantToread_RemoveBook_logout@82de64a]" started-at="2023-08-06T21:54:05 IST" name="SearchBook_wantToread_RemoveBook" finished-at="2023-08-06T21:54:17 IST" duration-ms="12457" status="PASS">
          <reporter-output>
          </reporter-output>
        </test-method> <!-- SearchBook_wantToread_RemoveBook -->
        <test-method signature="SignOut()[pri:7, instance:goodreads.com.SearchBook_wantToread_RemoveBook_logout@82de64a]" started-at="2023-08-06T21:54:17 IST" name="SignOut" finished-at="2023-08-06T21:54:21 IST" duration-ms="3669" status="PASS">
          <reporter-output>
          </reporter-output>
        </test-method> <!-- SignOut -->
        <test-method is-config="true" signature="AfterTest()[pri:0, instance:goodreads.com.SearchBook_wantToread_RemoveBook_logout@82de64a]" started-at="2023-08-06T21:54:21 IST" name="AfterTest" finished-at="2023-08-06T21:54:21 IST" duration-ms="527" status="PASS">
          <reporter-output>
          </reporter-output>
        </test-method> <!-- AfterTest -->
      </class> <!-- goodreads.com.SearchBook_wantToread_RemoveBook_logout -->
    </test> <!-- Default test -->
  </suite> <!-- Default suite -->
</testng-results>
