<?xml version="1.0" encoding="UTF-8"?>
<!-- Generated by org.testng.reporters.JUnitXMLReporter -->
<testsuite ignored="0" hostname="DESKTOP-V2RVKFF" failures="0" tests="7" name="Default test" time="157.957" errors="0" timestamp="2023-08-06T21:54:21 IST">
  <testcase classname="goodreads.com.Login" name="LoginWithEmptyFields" time="0.84"/>
  <testcase classname="goodreads.com.Login" name="IncorrectLoginEmail" time="39.087"/>
  <testcase classname="goodreads.com.Login" name="IncorrectLoginPassword" time="36.048"/>
  <testcase classname="goodreads.com.Login" name="ForgotPassword" time="4.835"/>
  <testcase classname="goodreads.com.Login" name="CorrectLoginEmail_and_Password" time="47.498"/>
  <testcase classname="goodreads.com.SearchBook_wantToread_RemoveBook_logout" name="SearchBook_wantToread_RemoveBook" time="12.457"/>
  <testcase classname="goodreads.com.SearchBook_wantToread_RemoveBook_logout" name="SignOut" time="3.669"/>
</testsuite> <!-- Default test -->
